<?xml version="1.0" encoding="UTF-8"?>
<!-- Generated by org.testng.reporters.JUnitReportReporter -->
<testsuite skipped="0" hostname="welcome-PC" name="testweboperations.closepopups" tests="1" failures="0" timestamp="09 Feb 2019 16:24:52 GMT" time="11.317" errors="0">
  <testcase name="closewindow" time="11.317" classname="testweboperations.closepopups"/>
</testsuite> <!-- testweboperations.closepopups -->
